#
# There is insufficient memory for the Java Runtime Environment to continue.
# Native memory allocation (malloc) failed to allocate 32744 bytes for ChunkPool::allocate
# Possible reasons:
#   The system is out of physical RAM or swap space
#   In 32 bit mode, the process size limit was hit
# Possible solutions:
#   Reduce memory load on the system
#   Increase physical memory or swap space
#   Check if swap backing store is full
#   Use 64 bit Java on a 64 bit OS
#   Decrease Java heap size (-Xmx/-Xms)
#   Decrease number of Java threads
#   Decrease Java thread stack sizes (-Xss)
#   Set larger code cache with -XX:ReservedCodeCacheSize=
# This output file may be truncated or incomplete.
#
#  Out of Memory Error (allocation.cpp:273), pid=12516, tid=0x0000000000002018
#
# JRE version: Java(TM) SE Runtime Environment (8.0_162-b12) (build 1.8.0_162-b12)
# Java VM: Java HotSpot(TM) 64-Bit Server VM (25.162-b12 mixed mode windows-amd64 compressed oops)
# Failed to write core dump. Minidumps are not enabled by default on client versions of Windows
#

---------------  T H R E A D  ---------------

Current thread (0x000000001a227000):  VMThread [stack: 0x000000001b2d0000,0x000000001b3d0000] [id=8216]

Stack: [0x000000001b2d0000,0x000000001b3d0000]
[error occurred during error reporting (printing stack bounds), id 0xc0000005]

Native frames: (J=compiled Java code, j=interpreted, Vv=VM code, C=native code)

VM_Operation (0x0000000002e5d580): CollectForMetadataAllocation, mode: safepoint, requested by thread 0x0000000003016000


---------------  P R O C E S S  ---------------

Java Threads: ( => current thread )
  0x000000001d057800 JavaThread "AsyncHttpClient-1-4" daemon [_thread_in_native, id=17472, stack(0x000000001fd00000,0x000000001fe00000)]
  0x000000001d059800 JavaThread "AsyncHttpClient-1-3" daemon [_thread_in_native, id=17468, stack(0x000000001f6f0000,0x000000001f7f0000)]
  0x000000001d053800 JavaThread "AsyncHttpClient-1-2" daemon [_thread_in_native, id=16392, stack(0x000000001efe0000,0x000000001f0e0000)]
  0x000000001d056800 JavaThread "Keep-Alive-Timer" daemon [_thread_blocked, id=7616, stack(0x000000001ece0000,0x000000001ede0000)]
  0x000000001d058000 JavaThread "Exec Stream Pumper" daemon [_thread_in_native, id=10096, stack(0x000000001eae0000,0x000000001ebe0000)]
  0x000000001d055000 JavaThread "Exec Stream Pumper" daemon [_thread_in_native, id=6324, stack(0x000000001e9e0000,0x000000001eae0000)]
  0x000000001d056000 JavaThread "UrlChecker-2" daemon [_thread_blocked, id=12012, stack(0x000000001e8e0000,0x000000001e9e0000)]
  0x000000001d059000 JavaThread "Driver Service Executor" daemon [_thread_blocked, id=14624, stack(0x000000001e7e0000,0x000000001e8e0000)]
  0x000000001d31a800 JavaThread "Driver Service Executor" daemon [_thread_blocked, id=1552, stack(0x000000001e6e0000,0x000000001e7e0000)]
  0x000000001d319800 JavaThread "Exec Default Executor" daemon [_thread_in_native, id=13336, stack(0x000000001e5e0000,0x000000001e6e0000)]
  0x000000001ce7f000 JavaThread "AsyncHttpClient-1-1" daemon [_thread_blocked, id=14744, stack(0x000000001dee0000,0x000000001dfe0000)]
  0x000000001c7d2800 JavaThread "ForkJoinPool.commonPool-worker-1" daemon [_thread_blocked, id=12984, stack(0x000000001dde0000,0x000000001dee0000)]
  0x000000001c0d8800 JavaThread "Service Thread" daemon [_thread_blocked, id=14508, stack(0x000000001c8d0000,0x000000001c9d0000)]
  0x000000001bc72800 JavaThread "C1 CompilerThread2" daemon [_thread_blocked, id=13480, stack(0x000000001bfd0000,0x000000001c0d0000)]
  0x000000001bc11000 JavaThread "C2 CompilerThread1" daemon [_thread_blocked, id=15588, stack(0x000000001bed0000,0x000000001bfd0000)]
  0x000000001bc0e800 JavaThread "C2 CompilerThread0" daemon [_thread_blocked, id=14648, stack(0x000000001bdd0000,0x000000001bed0000)]
  0x000000001bc0c000 JavaThread "Monitor Ctrl-Break" daemon [_thread_in_native, id=6148, stack(0x000000001bcd0000,0x000000001bdd0000)]
  0x000000001a264000 JavaThread "Attach Listener" daemon [_thread_blocked, id=5712, stack(0x000000001b7d0000,0x000000001b8d0000)]
  0x000000001a261000 JavaThread "Signal Dispatcher" daemon [_thread_blocked, id=16796, stack(0x000000001b6d0000,0x000000001b7d0000)]
  0x000000001a250000 JavaThread "Finalizer" daemon [_thread_blocked, id=3296, stack(0x000000001b4d0000,0x000000001b5d0000)]
  0x0000000003106000 JavaThread "Reference Handler" daemon [_thread_blocked, id=13300, stack(0x000000001b3d0000,0x000000001b4d0000)]
  0x0000000003016000 JavaThread "main" [_thread_blocked, id=15716, stack(0x0000000002d60000,0x0000000002e60000)]

Other Threads:
=>0x000000001a227000 VMThread [stack: 0x000000001b2d0000,0x000000001b3d0000] [id=8216]
  0x000000001bccc800 WatcherThread [stack: 0x000000001c9d0000,0x000000001cad0000] [id=5016]

VM state:at safepoint (normal execution)

VM Mutex/Monitor currently owned by a thread:  ([mutex/lock_event])
[0x0000000002c1b640] Threads_lock - owner thread: 0x000000001a227000
[0x0000000002c1bd40] Heap_lock - owner thread: 0x0000000003016000

Heap:
 PSYoungGen      total 57344K, used 8177K [0x0000000780100000, 0x0000000784100000, 0x00000007c0000000)
  eden space 49152K, 0% used [0x0000000780100000,0x0000000780100000,0x0000000783100000)
  from space 8192K, 99% used [0x0000000783100000,0x00000007838fc528,0x0000000783900000)
  to   space 8192K, 0% used [0x0000000783900000,0x0000000783900000,0x0000000784100000)
 ParOldGen       total 131072K, used 6862K [0x0000000700200000, 0x0000000708200000, 0x0000000780100000)
  object space 131072K, 5% used [0x0000000700200000,0x00000007008b3930,0x0000000708200000)
 Metaspace       used 20037K, capacity 20934K, committed 21120K, reserved 1071104K
  class space    used 2596K, capacity 2817K, committed 2944K, reserved 1048576K

Card table byte_map: [0x00000000124d0000,0x0000000012ad0000] byte_map_base: 0x000000000eccf000

Marking Bits: (ParMarkBitMap*) 0x0000000063650860
 Begin Bits: [0x00000000132d0000, 0x00000000162c8000)
 End Bits:   [0x00000000162c8000, 0x00000000192c0000)

Polling page: 0x0000000002be0000

CodeCache: size=245760Kb used=5414Kb max_used=5414Kb free=240345Kb
 bounds [0x0000000003110000, 0x0000000003660000, 0x0000000012110000]
 total_blobs=2045 nmethods=1597 adapters=361
 compilation: enabled

Compilation events (10 events):
Event: 6.121 Thread 0x000000001bc72800 1594       3       io.netty.util.internal.shaded.org.jctools.queues.LinkedArrayQueueUtil::modifiedCalcCircularRefElementOffset (14 bytes)
Event: 6.121 Thread 0x000000001bc72800 nmethod 1594 0x000000000365b9d0 code [0x000000000365bb20, 0x000000000365bc70]
Event: 6.122 Thread 0x000000001bc72800 1595       3       com.google.common.collect.AbstractMapEntry::<init> (5 bytes)
Event: 6.122 Thread 0x000000001bc72800 nmethod 1595 0x000000000365bd10 code [0x000000000365be60, 0x000000000365c010]
Event: 6.122 Thread 0x000000001bc72800 1596       3       java.util.ArrayDeque::addFirst (53 bytes)
Event: 6.122 Thread 0x000000001bc72800 nmethod 1596 0x000000000365c0d0 code [0x000000000365c260, 0x000000000365c678]
Event: 6.127 Thread 0x000000001bc0e800 1597       4       java.io.DataInputStream::readUTF (501 bytes)
Event: 6.127 Thread 0x000000001bc11000 1598 % !   4       java.util.concurrent.ConcurrentHashMap::transfer @ 99 (832 bytes)
Event: 6.128 Thread 0x000000001bc72800 1599       1       java.util.Arrays$ArrayList::get (7 bytes)
Event: 6.128 Thread 0x000000001bc72800 nmethod 1599 0x000000000365c810 code [0x000000000365c960, 0x000000000365ca90]

GC Heap History (7 events):
Event: 1.998 GC heap before
{Heap before GC invocations=1 (full 0):
 PSYoungGen      total 57344K, used 49152K [0x0000000780100000, 0x0000000784100000, 0x00000007c0000000)
  eden space 49152K, 100% used [0x0000000780100000,0x0000000783100000,0x0000000783100000)
  from space 8192K, 0% used [0x0000000783900000,0x0000000783900000,0x0000000784100000)
  to   space 8192K, 0% used [0x0000000783100000,0x0000000783100000,0x0000000783900000)
 ParOldGen       total 131072K, used 0K [0x0000000700200000, 0x0000000708200000, 0x0000000780100000)
  object space 131072K, 0% used [0x0000000700200000,0x0000000700200000,0x0000000708200000)
 Metaspace       used 11980K, capacity 12286K, committed 12416K, reserved 1060864K
  class space    used 1427K, capacity 1551K, committed 1664K, reserved 1048576K
Event: 2.011 GC heap after
Heap after GC invocations=1 (full 0):
 PSYoungGen      total 57344K, used 6941K [0x0000000780100000, 0x0000000784100000, 0x00000007c0000000)
  eden space 49152K, 0% used [0x0000000780100000,0x0000000780100000,0x0000000783100000)
  from space 8192K, 84% used [0x0000000783100000,0x00000007837c77b8,0x0000000783900000)
  to   space 8192K, 0% used [0x0000000783900000,0x0000000783900000,0x0000000784100000)
 ParOldGen       total 131072K, used 16K [0x0000000700200000, 0x0000000708200000, 0x0000000780100000)
  object space 131072K, 0% used [0x0000000700200000,0x0000000700204000,0x0000000708200000)
 Metaspace       used 11980K, capacity 12286K, committed 12416K, reserved 1060864K
  class space    used 1427K, capacity 1551K, committed 1664K, reserved 1048576K
}
Event: 4.395 GC heap before
{Heap before GC invocations=2 (full 0):
 PSYoungGen      total 57344K, used 56093K [0x0000000780100000, 0x0000000784100000, 0x00000007c0000000)
  eden space 49152K, 100% used [0x0000000780100000,0x0000000783100000,0x0000000783100000)
  from space 8192K, 84% used [0x0000000783100000,0x00000007837c77b8,0x0000000783900000)
  to   space 8192K, 0% used [0x0000000783900000,0x0000000783900000,0x0000000784100000)
 ParOldGen       total 131072K, used 16K [0x0000000700200000, 0x0000000708200000, 0x0000000780100000)
  object space 131072K, 0% used [0x0000000700200000,0x0000000700204000,0x0000000708200000)
 Metaspace       used 18993K, capacity 19904K, committed 20224K, reserved 1067008K
  class space    used 2467K, capacity 2696K, committed 2816K, reserved 1048576K
Event: 4.419 GC heap after
Heap after GC invocations=2 (full 0):
 PSYoungGen      total 57344K, used 8160K [0x0000000780100000, 0x0000000784100000, 0x00000007c0000000)
  eden space 49152K, 0% used [0x0000000780100000,0x0000000780100000,0x0000000783100000)
  from space 8192K, 99% used [0x0000000783900000,0x00000007840f8070,0x0000000784100000)
  to   space 8192K, 0% used [0x0000000783100000,0x0000000783100000,0x0000000783900000)
 ParOldGen       total 131072K, used 5464K [0x0000000700200000, 0x0000000708200000, 0x0000000780100000)
  object space 131072K, 4% used [0x0000000700200000,0x00000007007562c8,0x0000000708200000)
 Metaspace       used 18993K, capacity 19904K, committed 20224K, reserved 1067008K
  class space    used 2467K, capacity 2696K, committed 2816K, reserved 1048576K
}
Event: 6.131 GC heap before
{Heap before GC invocations=3 (full 0):
 PSYoungGen      total 57344K, used 18646K [0x0000000780100000, 0x0000000784100000, 0x00000007c0000000)
  eden space 49152K, 21% used [0x0000000780100000,0x0000000780b3da98,0x0000000783100000)
  from space 8192K, 99% used [0x0000000783900000,0x00000007840f8070,0x0000000784100000)
  to   space 8192K, 0% used [0x0000000783100000,0x0000000783100000,0x0000000783900000)
 ParOldGen       total 131072K, used 5464K [0x0000000700200000, 0x0000000708200000, 0x0000000780100000)
  object space 131072K, 4% used [0x0000000700200000,0x00000007007562c8,0x0000000708200000)
 Metaspace       used 20037K, capacity 20934K, committed 21120K, reserved 1071104K
  class space    used 2596K, capacity 2817K, committed 2944K, reserved 1048576K
Event: 6.137 GC heap after
Heap after GC invocations=3 (full 0):
 PSYoungGen      total 57344K, used 8177K [0x0000000780100000, 0x0000000784100000, 0x00000007c0000000)
  eden space 49152K, 0% used [0x0000000780100000,0x0000000780100000,0x0000000783100000)
  from space 8192K, 99% used [0x0000000783100000,0x00000007838fc528,0x0000000783900000)
  to   space 8192K, 0% used [0x0000000783900000,0x0000000783900000,0x0000000784100000)
 ParOldGen       total 131072K, used 6862K [0x0000000700200000, 0x0000000708200000, 0x0000000780100000)
  object space 131072K, 5% used [0x0000000700200000,0x00000007008b3930,0x0000000708200000)
 Metaspace       used 20037K, capacity 20934K, committed 21120K, reserved 1071104K
  class space    used 2596K, capacity 2817K, committed 2944K, reserved 1048576K
}
Event: 6.137 GC heap before
{Heap before GC invocations=4 (full 1):
 PSYoungGen      total 57344K, used 8177K [0x0000000780100000, 0x0000000784100000, 0x00000007c0000000)
  eden space 49152K, 0% used [0x0000000780100000,0x0000000780100000,0x0000000783100000)
  from space 8192K, 99% used [0x0000000783100000,0x00000007838fc528,0x0000000783900000)
  to   space 8192K, 0% used [0x0000000783900000,0x0000000783900000,0x0000000784100000)
 ParOldGen       total 131072K, used 6862K [0x0000000700200000, 0x0000000708200000, 0x0000000780100000)
  object space 131072K, 5% used [0x0000000700200000,0x00000007008b3930,0x0000000708200000)
 Metaspace       used 20037K, capacity 20934K, committed 21120K, reserved 1071104K
  class space    used 2596K, capacity 2817K, committed 2944K, reserved 1048576K

Deoptimization events (10 events):
Event: 2.037 Thread 0x0000000003016000 Uncommon trap: reason=unstable_if action=reinterpret pc=0x00000000034faa60 method=java.util.Arrays.equals([B[B)Z @ 2
Event: 2.239 Thread 0x0000000003016000 Uncommon trap: reason=class_check action=maybe_recompile pc=0x0000000003459e70 method=java.util.regex.Pattern$Curly.match(Ljava/util/regex/Matcher;ILjava/lang/CharSequence;)Z @ 19
Event: 2.239 Thread 0x0000000003016000 Uncommon trap: reason=class_check action=maybe_recompile pc=0x0000000003459e70 method=java.util.regex.Pattern$Curly.match(Ljava/util/regex/Matcher;ILjava/lang/CharSequence;)Z @ 19
Event: 2.257 Thread 0x0000000003016000 Uncommon trap: reason=class_check action=maybe_recompile pc=0x0000000003459e70 method=java.util.regex.Pattern$Curly.match(Ljava/util/regex/Matcher;ILjava/lang/CharSequence;)Z @ 19
Event: 2.258 Thread 0x0000000003016000 Uncommon trap: reason=class_check action=maybe_recompile pc=0x0000000003459e70 method=java.util.regex.Pattern$Curly.match(Ljava/util/regex/Matcher;ILjava/lang/CharSequence;)Z @ 19
Event: 2.277 Thread 0x0000000003016000 Uncommon trap: reason=unstable_if action=reinterpret pc=0x00000000032ba338 method=java.lang.String.replace(CC)Ljava/lang/String; @ 2
Event: 2.296 Thread 0x000000001d056000 Uncommon trap: reason=unstable_if action=reinterpret pc=0x000000000340acdc method=java.lang.CharacterDataLatin1.digit(II)I @ 82
Event: 2.813 Thread 0x000000001d056000 Uncommon trap: reason=unstable_if action=reinterpret pc=0x000000000340cd14 method=java.lang.CharacterDataLatin1.digit(II)I @ 82
Event: 2.947 Thread 0x0000000003016000 Uncommon trap: reason=unstable_if action=reinterpret pc=0x000000000359a370 method=java.util.regex.Pattern$BmpCharProperty.match(Ljava/util/regex/Matcher;ILjava/lang/CharSequence;)Z @ 34
Event: 4.506 Thread 0x000000001d057800 Uncommon trap: reason=range_check action=make_not_entrant pc=0x000000000363f0e8 method=sun.reflect.generics.parser.SignatureParser.current()C @ 34

Classes redefined (0 events):
No events

Internal exceptions (10 events):
Event: 2.879 Thread 0x0000000003016000 Exception <a 'java/lang/NoSuchMethodError': java.lang.Object.lambda$chars$0()Ljava/util/Spliterator$OfInt;> (0x00000007813f9f40) thrown at [C:\re\workspace\8-2-build-windows-amd64-cygwin\jdk8u162\10278\hotspot\src\share\vm\interpreter\linkResolver.cpp, li
Event: 2.923 Thread 0x0000000003016000 Exception <a 'java/lang/NoSuchMethodError': java.lang.Object.lambda$negate$1(Ljava/lang/Object;)Z> (0x0000000781675568) thrown at [C:\re\workspace\8-2-build-windows-amd64-cygwin\jdk8u162\10278\hotspot\src\share\vm\interpreter\linkResolver.cpp, line 620]
Event: 3.454 Thread 0x000000001d053800 Exception <a 'java/lang/ArrayIndexOutOfBoundsException'> (0x00000007824a6750) thrown at [C:\re\workspace\8-2-build-windows-amd64-cygwin\jdk8u162\10278\hotspot\src\share\vm\runtime\sharedRuntime.cpp, line 605]
Event: 3.454 Thread 0x000000001d053800 Exception <a 'java/lang/ArrayIndexOutOfBoundsException'> (0x00000007824a7f78) thrown at [C:\re\workspace\8-2-build-windows-amd64-cygwin\jdk8u162\10278\hotspot\src\share\vm\runtime\sharedRuntime.cpp, line 605]
Event: 3.455 Thread 0x000000001d053800 Exception <a 'java/lang/ArrayIndexOutOfBoundsException'> (0x00000007824ab6d8) thrown at [C:\re\workspace\8-2-build-windows-amd64-cygwin\jdk8u162\10278\hotspot\src\share\vm\runtime\sharedRuntime.cpp, line 605]
Event: 3.455 Thread 0x000000001d053800 Exception <a 'java/lang/ArrayIndexOutOfBoundsException'> (0x00000007824ac850) thrown at [C:\re\workspace\8-2-build-windows-amd64-cygwin\jdk8u162\10278\hotspot\src\share\vm\runtime\sharedRuntime.cpp, line 605]
Event: 4.380 Thread 0x0000000003016000 Exception <a 'java/lang/NoSuchMethodError': java.lang.Object.lambda$getResponseFunction$0(Lorg/openqa/selenium/remote/InitialHandshakeResponse;)Lorg/openqa/selenium/remote/ProtocolHandshake$Result;> (0x000000078308c920) thrown at [C:\re\workspace\8-2-buil
Event: 4.497 Thread 0x000000001d057800 Exception <a 'java/lang/ArrayIndexOutOfBoundsException'> (0x00000007805a55f0) thrown at [C:\re\workspace\8-2-build-windows-amd64-cygwin\jdk8u162\10278\hotspot\src\share\vm\runtime\sharedRuntime.cpp, line 605]
Event: 4.506 Thread 0x000000001d057800 Exception <a 'java/lang/ArrayIndexOutOfBoundsException': 163> (0x0000000780633508) thrown at [C:\re\workspace\8-2-build-windows-amd64-cygwin\jdk8u162\10278\hotspot\src\share\vm\interpreter\interpreterRuntime.cpp, line 366]
Event: 4.506 Thread 0x000000001d057800 Exception <a 'java/lang/ArrayIndexOutOfBoundsException': 276> (0x00000007806363e8) thrown at [C:\re\workspace\8-2-build-windows-amd64-cygwin\jdk8u162\10278\hotspot\src\share\vm\interpreter\interpreterRuntime.cpp, line 366]

Events (10 events):
Event: 6.129 loading class java/time/zone/ZoneRules
Event: 6.130 loading class java/time/zone/ZoneRules done
Event: 6.130 loading class java/time/zone/ZoneOffsetTransitionRule
Event: 6.130 loading class java/time/zone/ZoneOffsetTransitionRule done
Event: 6.130 loading class java/time/LocalDateTime
Event: 6.130 loading class java/time/chrono/ChronoLocalDateTime
Event: 6.130 loading class java/time/chrono/ChronoLocalDateTime done
Event: 6.130 loading class java/time/LocalDateTime done
Event: 6.130 loading class java/time/ZoneOffset
Event: 6.131 Executing VM operation: CollectForMetadataAllocation


Dynamic libraries:
0x00007ff63f860000 - 0x00007ff63f897000 	W:\Program Files\Java\jdk1.8.0_162\bin\java.exe
0x00007ffca39f0000 - 0x00007ffca3be5000 	C:\WINDOWS\SYSTEM32\ntdll.dll
0x00007ffc83210000 - 0x00007ffc83226000 	C:\Program Files\AVAST Software\Avast\aswhook.dll
0x00007ffca3680000 - 0x00007ffca373d000 	C:\WINDOWS\System32\KERNEL32.DLL
0x00007ffca15d0000 - 0x00007ffca189d000 	C:\WINDOWS\System32\KERNELBASE.dll
0x00007ffca3450000 - 0x00007ffca34fe000 	C:\WINDOWS\System32\ADVAPI32.dll
0x00007ffca3240000 - 0x00007ffca32de000 	C:\WINDOWS\System32\msvcrt.dll
0x00007ffca32e0000 - 0x00007ffca337c000 	C:\WINDOWS\System32\sechost.dll
0x00007ffca2aa0000 - 0x00007ffca2bc5000 	C:\WINDOWS\System32\RPCRT4.dll
0x00007ffca2fe0000 - 0x00007ffca3180000 	C:\WINDOWS\System32\USER32.dll
0x00007ffca1240000 - 0x00007ffca1262000 	C:\WINDOWS\System32\win32u.dll
0x00007ffca31a0000 - 0x00007ffca31ca000 	C:\WINDOWS\System32\GDI32.dll
0x00007ffca1100000 - 0x00007ffca120b000 	C:\WINDOWS\System32\gdi32full.dll
0x00007ffca19a0000 - 0x00007ffca1a3d000 	C:\WINDOWS\System32\msvcp_win.dll
0x00007ffca18a0000 - 0x00007ffca19a0000 	C:\WINDOWS\System32\ucrtbase.dll
0x00007ffc97300000 - 0x00007ffc9759a000 	C:\WINDOWS\WinSxS\amd64_microsoft.windows.common-controls_6595b64144ccf1df_6.0.19041.1110_none_60b5254171f9507e\COMCTL32.dll
0x00007ffca3740000 - 0x00007ffca3770000 	C:\WINDOWS\System32\IMM32.DLL
0x00000000636d0000 - 0x00000000637a1000 	W:\Program Files\Java\jdk1.8.0_162\jre\bin\msvcr100.dll
0x0000000062e30000 - 0x00000000636d0000 	W:\Program Files\Java\jdk1.8.0_162\jre\bin\server\jvm.dll
0x00007ffca1a40000 - 0x00007ffca1a48000 	C:\WINDOWS\System32\PSAPI.DLL
0x00007ffc975a0000 - 0x00007ffc975c7000 	C:\WINDOWS\SYSTEM32\WINMM.dll
0x00007ffc98150000 - 0x00007ffc9815a000 	C:\WINDOWS\SYSTEM32\VERSION.dll
0x00007ffc924e0000 - 0x00007ffc924e9000 	C:\WINDOWS\SYSTEM32\WSOCK32.dll
0x00007ffca31d0000 - 0x00007ffca323b000 	C:\WINDOWS\System32\WS2_32.dll
0x0000000062e20000 - 0x0000000062e2f000 	W:\Program Files\Java\jdk1.8.0_162\jre\bin\verify.dll
0x0000000062df0000 - 0x0000000062e19000 	W:\Program Files\Java\jdk1.8.0_162\jre\bin\java.dll
0x0000000062d60000 - 0x0000000062d83000 	W:\Program Files\Java\jdk1.8.0_162\jre\bin\instrument.dll
0x0000000062dd0000 - 0x0000000062de6000 	W:\Program Files\Java\jdk1.8.0_162\jre\bin\zip.dll
0x00007ffca22d0000 - 0x00007ffca2a14000 	C:\WINDOWS\System32\SHELL32.dll
0x00007ffc9f220000 - 0x00007ffc9f9b4000 	C:\WINDOWS\SYSTEM32\windows.storage.dll
0x00007ffca2bd0000 - 0x00007ffca2f24000 	C:\WINDOWS\System32\combase.dll
0x00007ffca0a90000 - 0x00007ffca0abc000 	C:\WINDOWS\SYSTEM32\Wldp.dll
0x00007ffca3500000 - 0x00007ffca35ad000 	C:\WINDOWS\System32\SHCORE.dll
0x00007ffca33f0000 - 0x00007ffca3445000 	C:\WINDOWS\System32\shlwapi.dll
0x00007ffca1040000 - 0x00007ffca105f000 	C:\WINDOWS\SYSTEM32\profapi.dll
0x00007ffc967e0000 - 0x00007ffc967fa000 	C:\Program Files\JetBrains\IntelliJ IDEA Community Edition 2022.1\bin\breakgen64.dll
0x0000000062db0000 - 0x0000000062dca000 	W:\Program Files\Java\jdk1.8.0_162\jre\bin\net.dll
0x00007ffca07f0000 - 0x00007ffca085a000 	C:\WINDOWS\system32\mswsock.dll
0x00007ffca0520000 - 0x00007ffca05eb000 	C:\WINDOWS\SYSTEM32\DNSAPI.dll
0x00007ffca04e0000 - 0x00007ffca051b000 	C:\WINDOWS\SYSTEM32\IPHLPAPI.DLL
0x00007ffca33e0000 - 0x00007ffca33e8000 	C:\WINDOWS\System32\NSI.dll
0x00007ffc95d60000 - 0x00007ffc95d6a000 	C:\Windows\System32\rasadhlp.dll
0x00007ffc95c80000 - 0x00007ffc95d00000 	C:\WINDOWS\System32\fwpuclnt.dll
0x00007ffca1210000 - 0x00007ffca1237000 	C:\WINDOWS\System32\bcrypt.dll
0x0000000062d30000 - 0x0000000062d54000 	W:\Program Files\Java\jdk1.8.0_162\jre\bin\sunec.dll
0x00007ffc99960000 - 0x00007ffc99977000 	C:\WINDOWS\SYSTEM32\dhcpcsvc6.DLL
0x00007ffc99940000 - 0x00007ffc9995d000 	C:\WINDOWS\SYSTEM32\dhcpcsvc.DLL
0x0000000062d90000 - 0x0000000062da1000 	W:\Program Files\Java\jdk1.8.0_162\jre\bin\nio.dll
0x00007ffca09e0000 - 0x00007ffca09f8000 	C:\WINDOWS\SYSTEM32\CRYPTSP.dll
0x00007ffca0170000 - 0x00007ffca01a4000 	C:\WINDOWS\system32\rsaenh.dll
0x00007ffca1000000 - 0x00007ffca102e000 	C:\WINDOWS\SYSTEM32\USERENV.dll
0x00007ffca14d0000 - 0x00007ffca1552000 	C:\WINDOWS\System32\bcryptprimitives.dll
0x00007ffca0a00000 - 0x00007ffca0a0c000 	C:\WINDOWS\SYSTEM32\CRYPTBASE.dll
0x0000000062d10000 - 0x0000000062d1b000 	W:\Program Files\Java\jdk1.8.0_162\jre\bin\sunmscapi.dll
0x00007ffca1370000 - 0x00007ffca14c6000 	C:\WINDOWS\System32\CRYPT32.dll
0x0000000062d20000 - 0x0000000062d2d000 	W:\Program Files\Java\jdk1.8.0_162\jre\bin\management.dll
0x00007ffc89e80000 - 0x00007ffc89e97000 	C:\WINDOWS\system32\napinsp.dll
0x00007ffc89e60000 - 0x00007ffc89e7b000 	C:\WINDOWS\system32\pnrpnsp.dll
0x00007ffc9c080000 - 0x00007ffc9c095000 	C:\WINDOWS\system32\wshbth.dll
0x00007ffc9cb60000 - 0x00007ffc9cb7d000 	C:\WINDOWS\system32\NLAapi.dll
0x00007ffc89d50000 - 0x00007ffc89d62000 	C:\WINDOWS\System32\winrnr.dll

VM Arguments:
jvm_args: -javaagent:C:\Program Files\JetBrains\IntelliJ IDEA Community Edition 2022.1\lib\idea_rt.jar=61761:C:\Program Files\JetBrains\IntelliJ IDEA Community Edition 2022.1\bin -Dfile.encoding=UTF-8 
java_command: Zadatak05
java_class_path (initial): W:\Program Files\Java\jdk1.8.0_162\jre\lib\charsets.jar;W:\Program Files\Java\jdk1.8.0_162\jre\lib\deploy.jar;W:\Program Files\Java\jdk1.8.0_162\jre\lib\ext\access-bridge-64.jar;W:\Program Files\Java\jdk1.8.0_162\jre\lib\ext\cldrdata.jar;W:\Program Files\Java\jdk1.8.0_162\jre\lib\ext\dnsns.jar;W:\Program Files\Java\jdk1.8.0_162\jre\lib\ext\jaccess.jar;W:\Program Files\Java\jdk1.8.0_162\jre\lib\ext\jfxrt.jar;W:\Program Files\Java\jdk1.8.0_162\jre\lib\ext\localedata.jar;W:\Program Files\Java\jdk1.8.0_162\jre\lib\ext\nashorn.jar;W:\Program Files\Java\jdk1.8.0_162\jre\lib\ext\sunec.jar;W:\Program Files\Java\jdk1.8.0_162\jre\lib\ext\sunjce_provider.jar;W:\Program Files\Java\jdk1.8.0_162\jre\lib\ext\sunmscapi.jar;W:\Program Files\Java\jdk1.8.0_162\jre\lib\ext\sunpkcs11.jar;W:\Program Files\Java\jdk1.8.0_162\jre\lib\ext\zipfs.jar;W:\Program Files\Java\jdk1.8.0_162\jre\lib\javaws.jar;W:\Program Files\Java\jdk1.8.0_162\jre\lib\jce.jar;W:\Program Files\Java\jdk1.8.0_162\jre\lib\jfr.jar;W:\Program Files\Java\jdk1.8.0_162\jre\lib\jfxswt.jar;W:\Program Files\Java\jdk1.8.0_162\jre\lib\jsse.jar;W:\Program Files\Java\jdk1.8.0_162\jre\lib\management-agent.jar;W:\Program Files\Java\jdk1.8.0_162\jre\lib\plugin.jar;W:\Program Files\Java\jdk1.8.0_162\jre\lib\resources.jar;W:\Program Files\Java\jdk1.8.0_162\jre\lib\rt.jar;E:\_BOOT CAMP\_QA KURS\_WORK\GIT_PROJECTS\itbootcamp_projects\project20220530\target\classes;C:\Users\HILANDAR\.m2\repository\org\seleniumhq\selenium\selenium-java\4.1.4\selenium-java-4.1.4.jar;C:\Users\HILANDAR\.m2\repository\org\seleniumhq\selenium\selenium-api\4.1.4\selenium-api-4.1.4.jar;C:\Users\HILANDAR\.m2\repository\org\seleniumhq\selenium\selenium-chrome-driver\4.1.4\selenium-chrome-driver-4.1.4.jar;C:\Users\HILANDAR\.m2\repository\com\google\auto\service\auto-service-annotations\1.0.1\auto-service-annotations-1.0.1.jar;C:\Users\HILANDAR\.m2\repository\com\google\auto\service\auto-service\1.0.1\auto-service-1.0.1.jar;C:\Users\HILAND
Launcher Type: SUN_STANDARD

Environment Variables:
PATH=C:\ProgramData\Oracle\Java\javapath;C:\Program Files (x86)\NVIDIA Corporation\PhysX\Common;C:\WINDOWS\system32;C:\WINDOWS;C:\WINDOWS\System32\Wbem;C:\WINDOWS\System32\WindowsPowerShell\v1.0\;C:\WINDOWS\System32\OpenSSH\;C:\Program Files\nodejs\;C:\Program Files\Git\cmd;C:\Program Files\Java\jdk1.8.0_111\bin
USERNAME=HILANDAR
OS=Windows_NT
PROCESSOR_IDENTIFIER=Intel64 Family 6 Model 30 Stepping 5, GenuineIntel



---------------  S Y S T E M  ---------------

OS: Windows 10.0 , 64 bit Build 19041 (10.0.19041.1706)

CPU:total 4 (initial active 4) (4 cores per cpu, 1 threads per core) family 6 model 30 stepping 5, cmov, cx8, fxsr, mmx, sse, sse2, sse3, ssse3, sse4.1, sse4.2, popcnt, tsc, tscinvbit

Memory: 4k page, physical 12573808k(2025164k free), swap 14670960k(3492k free)

vm_info: Java HotSpot(TM) 64-Bit Server VM (25.162-b12) for windows-amd64 JRE (1.8.0_162-b12), built on Dec 19 2017 20:00:03 by "java_re" with MS VC++ 10.0 (VS2010)

time: Mon May 30 20:34:18 2022
elapsed time: 6 seconds (0d 0h 0m 6s)

